<?xml version="1.0" encoding="UTF-8"?>
<testng-results ignored="0" total="1" passed="1" failed="0" skipped="0">
  <reporter-output>
  </reporter-output>
  <suite started-at="2023-09-21T13:49:19 IST" name="Suite" finished-at="2023-09-21T13:49:19 IST" duration-ms="63">
    <groups>
    </groups>
    <test started-at="2023-09-21T13:49:19 IST" name="Test" finished-at="2023-09-21T13:49:19 IST" duration-ms="63">
      <class name="com.test.Jenkinstest">
        <test-method signature="test()[pri:0, instance:com.test.Jenkinstest@57af006c]" started-at="2023-09-21T13:49:19 IST" name="test" finished-at="2023-09-21T13:49:19 IST" duration-ms="10" status="PASS">
          <reporter-output>
          </reporter-output>
        </test-method> <!-- test -->
      </class> <!-- com.test.Jenkinstest -->
    </test> <!-- Test -->
  </suite> <!-- Suite -->
</testng-results>
